[2025-08-14 11:37:30,353: INFO: main: Welcome to the logger]
[2025-08-14 11:38:30,747: INFO: main: Welcome to the logger]
[2025-08-30 14:42:57,467: INFO: common: yaml file: config\config.yaml loaded successfully]
[2025-08-30 14:42:57,469: INFO: common: yaml file: params.yaml loaded successfully]
[2025-08-30 14:42:57,469: INFO: common: created directory at: artifacts]
[2025-08-30 14:42:57,475: INFO: common: created directory at: artifacts/data_ingestion]
[2025-08-30 14:42:57,477: INFO: 986331348: Downloading data from https://drive.google.com/file/d/1oxYFzoUyP3B6wx11zO1Ou9UEiNIZasM7/view?usp=sharing into file artifacts/data_ingestion/data.zip]
[2025-08-30 14:44:23,944: INFO: 986331348: Downloaded data from https://drive.google.com/file/d/1oxYFzoUyP3B6wx11zO1Ou9UEiNIZasM7/view?usp=sharing into file artifacts/data_ingestion/data.zip]
[2025-08-30 15:17:03,891: INFO: main: >>>>>> stage Data Ingestion stage started <<<<<<]
[2025-08-30 15:17:03,892: INFO: common: yaml file: config\config.yaml loaded successfully]
[2025-08-30 15:17:03,893: INFO: common: yaml file: params.yaml loaded successfully]
[2025-08-30 15:17:03,894: INFO: common: created directory at: artifacts]
[2025-08-30 15:17:03,894: ERROR: main: 'ConfigurationManager' object has no attribute 'get_data_ingestion_config']
Traceback (most recent call last):
  File "D:\WorkANDProjects\Kidney-Disease-Classification-Deep-Learning-Project\main.py", line 9, in <module>
    data_ingestion.main()
  File "D:\WorkANDProjects\Kidney-Disease-Classification-Deep-Learning-Project\src\cnnClassifier\pipeline\stage_01_data_ingestion.py", line 13, in main
    data_ingestion_config = config.get_data_ingestion_config()
                            ^^^^^^^^^^^^^^^^^^^^^^^^^^^^^^^^
AttributeError: 'ConfigurationManager' object has no attribute 'get_data_ingestion_config'
[2025-08-30 15:18:49,813: INFO: main: >>>>>> stage Data Ingestion stage started <<<<<<]
[2025-08-30 15:18:49,813: INFO: common: yaml file: config\config.yaml loaded successfully]
[2025-08-30 15:18:49,813: INFO: common: yaml file: params.yaml loaded successfully]
[2025-08-30 15:18:49,813: INFO: common: created directory at: artifacts]
[2025-08-30 15:18:49,827: ERROR: main: 'ConfigurationManager' object has no attribute 'get_data_ingestion_config']
Traceback (most recent call last):
  File "D:\WorkANDProjects\Kidney-Disease-Classification-Deep-Learning-Project\main.py", line 9, in <module>
    data_ingestion.main()
  File "D:\WorkANDProjects\Kidney-Disease-Classification-Deep-Learning-Project\src\cnnClassifier\pipeline\stage_01_data_ingestion.py", line 13, in main
    data_ingestion_config = config.get_data_ingestion_config()
                            ^^^^^^^^^^^^^^^^^^^^^^^^^^^^^^^^
AttributeError: 'ConfigurationManager' object has no attribute 'get_data_ingestion_config'
[2025-08-30 15:23:34,105: INFO: main: >>>>>> stage Data Ingestion stage started <<<<<<]
[2025-08-30 15:23:34,105: INFO: common: yaml file: config\config.yaml loaded successfully]
[2025-08-30 15:23:34,105: INFO: common: yaml file: params.yaml loaded successfully]
[2025-08-30 15:23:34,105: INFO: common: created directory at: artifacts]
[2025-08-30 15:23:34,105: ERROR: main: 'ConfigurationManager' object has no attribute 'get_data_ingestion_config']
Traceback (most recent call last):
  File "D:\WorkANDProjects\Kidney-Disease-Classification-Deep-Learning-Project\main.py", line 9, in <module>
    data_ingestion.main()
  File "D:\WorkANDProjects\Kidney-Disease-Classification-Deep-Learning-Project\src\cnnClassifier\pipeline\stage_01_data_ingestion.py", line 13, in main
    data_ingestion_config = config.get_data_ingestion_config()
                            ^^^^^^^^^^^^^^^^^^^^^^^^^^^^^^^^
AttributeError: 'ConfigurationManager' object has no attribute 'get_data_ingestion_config'
[2025-08-30 15:28:43,473: INFO: main: >>>>>> stage Data Ingestion stage started <<<<<<]
[2025-08-30 15:28:43,473: INFO: common: yaml file: config\config.yaml loaded successfully]
[2025-08-30 15:28:43,473: INFO: common: yaml file: params.yaml loaded successfully]
[2025-08-30 15:28:43,473: INFO: common: created directory at: artifacts]
[2025-08-30 15:28:43,473: INFO: common: created directory at: artifacts/data_ingestion]
[2025-08-30 15:28:43,473: INFO: data_ingestion: Downloading data from https://drive.google.com/file/d/1oxYFzoUyP3B6wx11zO1Ou9UEiNIZasM7/view?usp=sharing into file artifacts/data_ingestion/data.zip]
[2025-08-30 15:30:10,596: INFO: data_ingestion: Downloaded data from https://drive.google.com/file/d/1oxYFzoUyP3B6wx11zO1Ou9UEiNIZasM7/view?usp=sharing into file artifacts/data_ingestion/data.zip]
[2025-08-30 15:30:20,149: INFO: main: >>>>>> stage Data Ingestion stage completed <<<<<<

x==========x]
[2025-08-30 15:39:59,035: INFO: main: >>>>>> stage Data Ingestion stage started <<<<<<]
[2025-08-30 15:39:59,035: INFO: common: yaml file: config\config.yaml loaded successfully]
[2025-08-30 15:39:59,035: INFO: common: yaml file: params.yaml loaded successfully]
[2025-08-30 15:39:59,035: INFO: common: created directory at: artifacts]
[2025-08-30 15:39:59,035: INFO: common: created directory at: artifacts/data_ingestion]
[2025-08-30 15:39:59,035: INFO: data_ingestion: Downloading data from https://drive.google.com/file/d/1oxYFzoUyP3B6wx11zO1Ou9UEiNIZasM7/view?usp=sharing into file artifacts/data_ingestion/data.zip]
[2025-08-30 15:40:44,467: INFO: main: >>>>>> stage Data Ingestion stage started <<<<<<]
[2025-08-30 15:40:44,467: INFO: common: yaml file: config\config.yaml loaded successfully]
[2025-08-30 15:40:44,467: INFO: common: yaml file: params.yaml loaded successfully]
[2025-08-30 15:40:44,467: INFO: common: created directory at: artifacts]
[2025-08-30 15:40:44,467: INFO: common: created directory at: artifacts/data_ingestion]
[2025-08-30 15:40:44,467: INFO: data_ingestion: Downloading data from https://drive.google.com/file/d/1oxYFzoUyP3B6wx11zO1Ou9UEiNIZasM7/view?usp=sharing into file artifacts/data_ingestion/data.zip]
[2025-08-30 15:42:10,955: INFO: data_ingestion: Downloaded data from https://drive.google.com/file/d/1oxYFzoUyP3B6wx11zO1Ou9UEiNIZasM7/view?usp=sharing into file artifacts/data_ingestion/data.zip]
[2025-08-30 15:42:19,906: INFO: main: >>>>>> stage Data Ingestion stage completed <<<<<<

x==========x]
[2025-08-30 16:14:20,025: INFO: common: yaml file: config\config.yaml loaded successfully]
[2025-08-30 16:14:20,032: INFO: common: yaml file: params.yaml loaded successfully]
[2025-08-30 16:14:20,033: INFO: common: created directory at: artifacts]
[2025-08-30 16:14:20,035: INFO: common: created directory at: artifacts/prepare_base_model]
[2025-08-30 16:14:20,478: WARNING: saving_utils: Compiled the loaded model, but the compiled metrics have yet to be built. `model.compile_metrics` will be empty until you train or evaluate the model.]
[2025-08-30 16:37:35,523: INFO: main: >>>>>> stage Data Ingestion stage started <<<<<<]
[2025-08-30 16:37:35,523: INFO: common: yaml file: config\config.yaml loaded successfully]
[2025-08-30 16:37:35,523: INFO: common: yaml file: params.yaml loaded successfully]
[2025-08-30 16:37:35,523: INFO: common: created directory at: artifacts]
[2025-08-30 16:37:35,523: INFO: common: created directory at: artifacts/data_ingestion]
[2025-08-30 16:37:35,523: INFO: data_ingestion: Downloading data from https://drive.google.com/file/d/1oxYFzoUyP3B6wx11zO1Ou9UEiNIZasM7/view?usp=sharing into file artifacts/data_ingestion/data.zip]
[2025-08-30 16:39:08,035: INFO: data_ingestion: Downloaded data from https://drive.google.com/file/d/1oxYFzoUyP3B6wx11zO1Ou9UEiNIZasM7/view?usp=sharing into file artifacts/data_ingestion/data.zip]
[2025-08-30 16:39:15,139: INFO: main: >>>>>> stage Data Ingestion stage completed <<<<<<

x==========x]
[2025-08-30 16:39:15,139: INFO: main: *******************]
[2025-08-30 16:39:15,141: INFO: main: >>>>>> stage Prepare base model started <<<<<<]
[2025-08-30 16:39:15,141: INFO: common: yaml file: config\config.yaml loaded successfully]
[2025-08-30 16:39:15,143: INFO: common: yaml file: params.yaml loaded successfully]
[2025-08-30 16:39:15,143: INFO: common: created directory at: artifacts]
[2025-08-30 16:39:15,143: INFO: common: created directory at: artifacts/prepare_base_model]
[2025-08-30 16:39:15,516: WARNING: saving_utils: Compiled the loaded model, but the compiled metrics have yet to be built. `model.compile_metrics` will be empty until you train or evaluate the model.]
[2025-08-30 16:39:15,745: INFO: main: >>>>>> stage Prepare base model completed <<<<<<

x==========x]
[2025-08-30 16:54:19,946: INFO: common: yaml file: config\config.yaml loaded successfully]
[2025-08-30 16:54:19,949: INFO: common: yaml file: params.yaml loaded successfully]
[2025-08-30 16:54:19,949: INFO: common: created directory at: artifacts]
[2025-08-30 16:56:06,532: INFO: common: yaml file: config\config.yaml loaded successfully]
[2025-08-30 16:56:06,535: INFO: common: yaml file: params.yaml loaded successfully]
[2025-08-30 16:56:06,537: INFO: common: created directory at: artifacts]
[2025-08-30 16:56:06,538: INFO: common: created directory at: artifacts\training]
[2025-08-30 16:56:14,975: INFO: common: yaml file: config\config.yaml loaded successfully]
[2025-08-30 16:56:14,977: INFO: common: yaml file: params.yaml loaded successfully]
[2025-08-30 16:56:14,979: INFO: common: created directory at: artifacts]
[2025-08-30 16:56:14,980: INFO: common: created directory at: artifacts\training]
[2025-08-30 16:56:33,479: INFO: common: yaml file: config\config.yaml loaded successfully]
[2025-08-30 16:56:33,484: INFO: common: yaml file: params.yaml loaded successfully]
[2025-08-30 16:56:33,484: INFO: common: created directory at: artifacts]
[2025-08-30 16:56:33,487: INFO: common: created directory at: artifacts\training]
[2025-08-30 17:02:57,319: INFO: common: yaml file: config\config.yaml loaded successfully]
[2025-08-30 17:02:57,322: INFO: common: yaml file: params.yaml loaded successfully]
[2025-08-30 17:02:57,322: INFO: common: created directory at: artifacts]
[2025-08-30 17:02:57,323: INFO: common: created directory at: artifacts\training]
[2025-08-30 17:23:27,403: INFO: common: yaml file: config\config.yaml loaded successfully]
[2025-08-30 17:23:27,408: INFO: common: yaml file: params.yaml loaded successfully]
[2025-08-30 17:23:27,412: INFO: common: created directory at: artifacts]
[2025-08-30 17:23:27,414: INFO: common: created directory at: artifacts\training]
[2025-08-30 17:34:35,907: INFO: common: yaml file: config\config.yaml loaded successfully]
[2025-08-30 17:34:35,907: INFO: common: yaml file: params.yaml loaded successfully]
[2025-08-30 17:34:35,915: INFO: common: created directory at: artifacts]
[2025-08-30 17:34:35,915: INFO: common: created directory at: artifacts\training]
[2025-08-30 17:54:24,434: INFO: common: yaml file: config\config.yaml loaded successfully]
[2025-08-30 17:54:24,439: INFO: common: yaml file: params.yaml loaded successfully]
[2025-08-30 17:54:24,439: INFO: common: created directory at: artifacts]
[2025-08-30 17:54:24,439: INFO: common: created directory at: artifacts\training]
[2025-08-30 18:28:11,474: INFO: main: >>>>>> stage Data Ingestion stage started <<<<<<]
[2025-08-30 18:28:11,476: INFO: common: yaml file: config\config.yaml loaded successfully]
[2025-08-30 18:28:11,478: INFO: common: yaml file: params.yaml loaded successfully]
[2025-08-30 18:28:11,478: INFO: common: created directory at: artifacts]
[2025-08-30 18:28:11,478: INFO: common: created directory at: artifacts/data_ingestion]
[2025-08-30 18:28:11,479: INFO: data_ingestion: Downloading data from https://drive.google.com/file/d/1oxYFzoUyP3B6wx11zO1Ou9UEiNIZasM7/view?usp=sharing into file artifacts/data_ingestion/data.zip]
[2025-08-30 18:29:38,836: INFO: data_ingestion: Downloaded data from https://drive.google.com/file/d/1oxYFzoUyP3B6wx11zO1Ou9UEiNIZasM7/view?usp=sharing into file artifacts/data_ingestion/data.zip]
[2025-08-30 18:29:45,963: INFO: main: >>>>>> stage Data Ingestion stage completed <<<<<<

x==========x]
[2025-08-30 18:29:45,963: INFO: main: *******************]
[2025-08-30 18:29:45,963: INFO: main: >>>>>> stage Prepare base model started <<<<<<]
[2025-08-30 18:29:45,963: INFO: common: yaml file: config\config.yaml loaded successfully]
[2025-08-30 18:29:45,963: INFO: common: yaml file: params.yaml loaded successfully]
[2025-08-30 18:29:45,963: INFO: common: created directory at: artifacts]
[2025-08-30 18:29:45,963: INFO: common: created directory at: artifacts/prepare_base_model]
[2025-08-30 18:29:46,385: WARNING: saving_utils: Compiled the loaded model, but the compiled metrics have yet to be built. `model.compile_metrics` will be empty until you train or evaluate the model.]
[2025-08-30 18:29:46,587: INFO: main: >>>>>> stage Prepare base model completed <<<<<<

x==========x]
[2025-08-30 18:29:46,588: INFO: main: *******************]
[2025-08-30 18:29:46,588: INFO: main: >>>>>> stage Training started <<<<<<]
[2025-08-30 18:29:46,590: INFO: common: yaml file: config\config.yaml loaded successfully]
[2025-08-30 18:29:46,591: INFO: common: yaml file: params.yaml loaded successfully]
[2025-08-30 18:29:46,592: INFO: common: created directory at: artifacts]
[2025-08-30 18:29:46,592: INFO: common: created directory at: artifacts\training]
[2025-08-30 18:29:46,906: ERROR: main: [WinError 3] The system cannot find the path specified: 'artifacts\\data_ingestion\\kidney-ct-scan-image']
Traceback (most recent call last):
  File "D:\WorkANDProjects\Kidney-Disease-Classification-Deep-Learning-Project\main.py", line 35, in <module>
    model_trainer.main()
  File "D:\WorkANDProjects\Kidney-Disease-Classification-Deep-Learning-Project\src\cnnClassifier\pipeline\stage_03_model_training.py", line 20, in main
    training.train_valid_generator()
  File "D:\WorkANDProjects\Kidney-Disease-Classification-Deep-Learning-Project\src\cnnClassifier\components\model_training.py", line 37, in train_valid_generator
    self.valid_generator = valid_datagenerator.flow_from_directory(
                           ^^^^^^^^^^^^^^^^^^^^^^^^^^^^^^^^^^^^^^^^
  File "C:\Users\pc\anaconda3\envs\kidney\Lib\site-packages\keras\preprocessing\image.py", line 1648, in flow_from_directory
    return DirectoryIterator(
           ^^^^^^^^^^^^^^^^^^
  File "C:\Users\pc\anaconda3\envs\kidney\Lib\site-packages\keras\preprocessing\image.py", line 563, in __init__
    for subdir in sorted(os.listdir(directory)):
                         ^^^^^^^^^^^^^^^^^^^^^
FileNotFoundError: [WinError 3] The system cannot find the path specified: 'artifacts\\data_ingestion\\kidney-ct-scan-image'
[2025-08-30 19:35:10,620: INFO: main: >>>>>> stage Data Ingestion stage started <<<<<<]
[2025-08-30 19:35:10,636: INFO: common: yaml file: config\config.yaml loaded successfully]
[2025-08-30 19:35:10,646: INFO: common: yaml file: params.yaml loaded successfully]
[2025-08-30 19:35:10,646: INFO: common: created directory at: artifacts]
[2025-08-30 19:35:10,646: INFO: common: created directory at: artifacts/data_ingestion]
[2025-08-30 19:35:10,646: INFO: data_ingestion: Downloading data from https://drive.google.com/file/d/1GJ1AWi35oa6i6tN7wtfHXvBnQ6j5mvZv/view?usp=sharing into file artifacts/data_ingestion/data.zip]
[2025-08-30 19:35:26,437: INFO: data_ingestion: Downloaded data from https://drive.google.com/file/d/1GJ1AWi35oa6i6tN7wtfHXvBnQ6j5mvZv/view?usp=sharing into file artifacts/data_ingestion/data.zip]
[2025-08-30 19:35:27,378: INFO: main: >>>>>> stage Data Ingestion stage completed <<<<<<

x==========x]
[2025-08-30 19:35:27,378: INFO: main: *******************]
[2025-08-30 19:35:27,378: INFO: main: >>>>>> stage Prepare base model started <<<<<<]
[2025-08-30 19:35:27,378: INFO: common: yaml file: config\config.yaml loaded successfully]
[2025-08-30 19:35:27,378: INFO: common: yaml file: params.yaml loaded successfully]
[2025-08-30 19:35:27,378: INFO: common: created directory at: artifacts]
[2025-08-30 19:35:27,378: INFO: common: created directory at: artifacts/prepare_base_model]
[2025-08-30 19:35:27,778: WARNING: saving_utils: Compiled the loaded model, but the compiled metrics have yet to be built. `model.compile_metrics` will be empty until you train or evaluate the model.]
[2025-08-30 19:35:27,957: INFO: main: >>>>>> stage Prepare base model completed <<<<<<

x==========x]
[2025-08-30 19:35:27,958: INFO: main: *******************]
[2025-08-30 19:35:27,958: INFO: main: >>>>>> stage Training started <<<<<<]
[2025-08-30 19:35:27,960: INFO: common: yaml file: config\config.yaml loaded successfully]
[2025-08-30 19:35:27,961: INFO: common: yaml file: params.yaml loaded successfully]
[2025-08-30 19:35:27,961: INFO: common: created directory at: artifacts]
[2025-08-30 19:35:27,962: INFO: common: created directory at: artifacts\training]
[2025-08-30 19:43:30,053: INFO: main: >>>>>> stage Data Ingestion stage started <<<<<<]
[2025-08-30 19:43:30,053: INFO: common: yaml file: config\config.yaml loaded successfully]
[2025-08-30 19:43:30,053: INFO: common: yaml file: params.yaml loaded successfully]
[2025-08-30 19:43:30,053: INFO: common: created directory at: artifacts]
[2025-08-30 19:43:30,053: INFO: common: created directory at: artifacts/data_ingestion]
[2025-08-30 19:43:30,053: INFO: data_ingestion: Downloading data from https://drive.google.com/file/d/1GJ1AWi35oa6i6tN7wtfHXvBnQ6j5mvZv/view?usp=sharing into file artifacts/data_ingestion/data.zip]
[2025-08-30 19:43:43,886: INFO: data_ingestion: Downloaded data from https://drive.google.com/file/d/1GJ1AWi35oa6i6tN7wtfHXvBnQ6j5mvZv/view?usp=sharing into file artifacts/data_ingestion/data.zip]
[2025-08-30 19:43:44,888: INFO: main: >>>>>> stage Data Ingestion stage completed <<<<<<

x==========x]
[2025-08-30 19:43:44,888: INFO: main: *******************]
[2025-08-30 19:43:44,888: INFO: main: >>>>>> stage Prepare base model started <<<<<<]
[2025-08-30 19:43:44,888: INFO: common: yaml file: config\config.yaml loaded successfully]
[2025-08-30 19:43:44,888: INFO: common: yaml file: params.yaml loaded successfully]
[2025-08-30 19:43:44,888: INFO: common: created directory at: artifacts]
[2025-08-30 19:43:44,888: INFO: common: created directory at: artifacts/prepare_base_model]
[2025-08-30 19:43:45,262: WARNING: saving_utils: Compiled the loaded model, but the compiled metrics have yet to be built. `model.compile_metrics` will be empty until you train or evaluate the model.]
[2025-08-30 19:43:45,470: INFO: main: >>>>>> stage Prepare base model completed <<<<<<

x==========x]
[2025-08-30 19:43:45,470: INFO: main: *******************]
[2025-08-30 19:43:45,470: INFO: main: >>>>>> stage Training started <<<<<<]
[2025-08-30 19:43:45,470: INFO: common: yaml file: config\config.yaml loaded successfully]
[2025-08-30 19:43:45,470: INFO: common: yaml file: params.yaml loaded successfully]
[2025-08-30 19:43:45,470: INFO: common: created directory at: artifacts]
[2025-08-30 19:43:45,470: INFO: common: created directory at: artifacts\training]
[2025-08-30 19:45:22,072: INFO: main: >>>>>> stage Training completed <<<<<<

x==========x]
[2025-08-30 20:55:56,353: INFO: common: yaml file: config\config.yaml loaded successfully]
[2025-08-30 20:55:56,355: INFO: common: yaml file: params.yaml loaded successfully]
[2025-08-30 20:55:56,356: INFO: common: created directory at: artifacts]
[2025-08-30 20:56:25,300: INFO: common: json file saved at: scores.json]
[2025-08-30 20:56:27,814: WARNING: save: Found untraced functions such as _jit_compiled_convolution_op, _jit_compiled_convolution_op, _jit_compiled_convolution_op, _jit_compiled_convolution_op, _jit_compiled_convolution_op while saving (showing 5 of 14). These functions will not be directly callable after loading.]
[2025-08-30 20:56:28,435: INFO: builder_impl: Assets written to: C:\Users\pc\AppData\Local\Temp\tmpk5xxtdur\model\data\model\assets]
[2025-08-30 21:02:19,163: INFO: common: yaml file: config\config.yaml loaded successfully]
[2025-08-30 21:02:19,174: INFO: common: yaml file: params.yaml loaded successfully]
[2025-08-30 21:02:19,176: INFO: common: created directory at: artifacts]
[2025-08-30 21:02:47,722: INFO: common: json file saved at: scores.json]
[2025-08-30 21:02:50,202: WARNING: save: Found untraced functions such as _jit_compiled_convolution_op, _jit_compiled_convolution_op, _jit_compiled_convolution_op, _jit_compiled_convolution_op, _jit_compiled_convolution_op while saving (showing 5 of 14). These functions will not be directly callable after loading.]
[2025-08-30 21:02:50,770: INFO: builder_impl: Assets written to: C:\Users\pc\AppData\Local\Temp\tmpl3quf3nz\model\data\model\assets]
[2025-08-31 21:32:32,026: INFO: main: >>>>>> stage Data Ingestion stage started <<<<<<]
[2025-08-31 21:32:32,026: INFO: common: yaml file: config\config.yaml loaded successfully]
[2025-08-31 21:32:32,050: INFO: common: yaml file: params.yaml loaded successfully]
[2025-08-31 21:32:32,050: INFO: common: created directory at: artifacts]
[2025-08-31 21:32:32,050: INFO: common: created directory at: artifacts/data_ingestion]
[2025-08-31 21:32:32,050: INFO: data_ingestion: Downloading data from https://drive.google.com/file/d/1GJ1AWi35oa6i6tN7wtfHXvBnQ6j5mvZv/view?usp=sharing into file artifacts/data_ingestion/data.zip]
[2025-08-31 21:32:46,378: INFO: data_ingestion: Downloaded data from https://drive.google.com/file/d/1GJ1AWi35oa6i6tN7wtfHXvBnQ6j5mvZv/view?usp=sharing into file artifacts/data_ingestion/data.zip]
[2025-08-31 21:32:47,390: INFO: main: >>>>>> stage Data Ingestion stage completed <<<<<<

x==========x]
[2025-08-31 21:32:47,390: INFO: main: *******************]
[2025-08-31 21:32:47,390: INFO: main: >>>>>> stage Prepare base model started <<<<<<]
[2025-08-31 21:32:47,390: INFO: common: yaml file: config\config.yaml loaded successfully]
[2025-08-31 21:32:47,393: INFO: common: yaml file: params.yaml loaded successfully]
[2025-08-31 21:32:47,393: INFO: common: created directory at: artifacts]
[2025-08-31 21:32:47,393: INFO: common: created directory at: artifacts/prepare_base_model]
[2025-08-31 21:32:47,869: WARNING: saving_utils: Compiled the loaded model, but the compiled metrics have yet to be built. `model.compile_metrics` will be empty until you train or evaluate the model.]
[2025-08-31 21:32:48,052: INFO: main: >>>>>> stage Prepare base model completed <<<<<<

x==========x]
[2025-08-31 21:32:48,052: INFO: main: *******************]
[2025-08-31 21:32:48,052: INFO: main: >>>>>> stage Training started <<<<<<]
[2025-08-31 21:32:48,052: INFO: common: yaml file: config\config.yaml loaded successfully]
[2025-08-31 21:32:48,052: INFO: common: yaml file: params.yaml loaded successfully]
[2025-08-31 21:32:48,052: INFO: common: created directory at: artifacts]
[2025-08-31 21:32:48,052: INFO: common: created directory at: artifacts\training]
[2025-08-31 21:34:24,020: INFO: main: >>>>>> stage Training completed <<<<<<

x==========x]
[2025-08-31 21:34:24,020: INFO: main: *******************]
[2025-08-31 21:34:24,020: INFO: main: >>>>>> stage Evaluation stage started <<<<<<]
[2025-08-31 21:34:24,022: INFO: common: yaml file: config\config.yaml loaded successfully]
[2025-08-31 21:34:24,022: INFO: common: yaml file: params.yaml loaded successfully]
[2025-08-31 21:34:24,024: INFO: common: created directory at: artifacts]
[2025-08-31 21:34:24,315: ERROR: main: module 'pyexpat.model' has no attribute 'evaluate']
Traceback (most recent call last):
  File "D:\WorkANDProjects\Kidney-Disease-Classification-Deep-Learning-Project\main.py", line 46, in <module>
    model_evalution.main()
  File "D:\WorkANDProjects\Kidney-Disease-Classification-Deep-Learning-Project\src\cnnClassifier\pipeline\stage_04_model_evaluation.py", line 18, in main
    evaluation.evaluation()
  File "D:\WorkANDProjects\Kidney-Disease-Classification-Deep-Learning-Project\src\cnnClassifier\components\model_evaluation_mlflow.py", line 49, in evaluation
    self.score = model.evaluate(self.valid_generator)
                 ^^^^^^^^^^^^^^
AttributeError: module 'pyexpat.model' has no attribute 'evaluate'
[2025-08-31 21:35:43,700: INFO: main: >>>>>> stage Data Ingestion stage started <<<<<<]
[2025-08-31 21:35:43,700: INFO: common: yaml file: config\config.yaml loaded successfully]
[2025-08-31 21:35:43,700: INFO: common: yaml file: params.yaml loaded successfully]
[2025-08-31 21:35:43,700: INFO: common: created directory at: artifacts]
[2025-08-31 21:35:43,700: INFO: common: created directory at: artifacts/data_ingestion]
[2025-08-31 21:35:43,700: INFO: data_ingestion: Downloading data from https://drive.google.com/file/d/1GJ1AWi35oa6i6tN7wtfHXvBnQ6j5mvZv/view?usp=sharing into file artifacts/data_ingestion/data.zip]
[2025-08-31 21:35:57,594: INFO: data_ingestion: Downloaded data from https://drive.google.com/file/d/1GJ1AWi35oa6i6tN7wtfHXvBnQ6j5mvZv/view?usp=sharing into file artifacts/data_ingestion/data.zip]
[2025-08-31 21:35:58,520: INFO: main: >>>>>> stage Data Ingestion stage completed <<<<<<

x==========x]
[2025-08-31 21:35:58,520: INFO: main: *******************]
[2025-08-31 21:35:58,520: INFO: main: >>>>>> stage Prepare base model started <<<<<<]
[2025-08-31 21:35:58,520: INFO: common: yaml file: config\config.yaml loaded successfully]
[2025-08-31 21:35:58,520: INFO: common: yaml file: params.yaml loaded successfully]
[2025-08-31 21:35:58,520: INFO: common: created directory at: artifacts]
[2025-08-31 21:35:58,520: INFO: common: created directory at: artifacts/prepare_base_model]
[2025-08-31 21:35:58,910: WARNING: saving_utils: Compiled the loaded model, but the compiled metrics have yet to be built. `model.compile_metrics` will be empty until you train or evaluate the model.]
[2025-08-31 21:35:59,191: INFO: main: >>>>>> stage Prepare base model completed <<<<<<

x==========x]
[2025-08-31 21:35:59,191: INFO: main: *******************]
[2025-08-31 21:35:59,191: INFO: main: >>>>>> stage Training started <<<<<<]
[2025-08-31 21:35:59,191: INFO: common: yaml file: config\config.yaml loaded successfully]
[2025-08-31 21:35:59,191: INFO: common: yaml file: params.yaml loaded successfully]
[2025-08-31 21:35:59,191: INFO: common: created directory at: artifacts]
[2025-08-31 21:35:59,191: INFO: common: created directory at: artifacts\training]
[2025-08-31 21:37:33,394: INFO: main: >>>>>> stage Training completed <<<<<<

x==========x]
[2025-08-31 21:37:33,394: INFO: main: *******************]
[2025-08-31 21:37:33,394: INFO: main: >>>>>> stage Evaluation stage started <<<<<<]
[2025-08-31 21:37:33,394: INFO: common: yaml file: config\config.yaml loaded successfully]
[2025-08-31 21:37:33,394: INFO: common: yaml file: params.yaml loaded successfully]
[2025-08-31 21:37:33,394: INFO: common: created directory at: artifacts]
[2025-08-31 21:38:01,460: INFO: common: json file saved at: scores.json]
[2025-08-31 21:38:01,460: INFO: common: json file saved at: scores.json]
[2025-08-31 21:38:01,460: INFO: main: >>>>>> stage Evaluation stage completed <<<<<<

x==========x]
[2025-08-31 21:41:26,034: INFO: main: >>>>>> stage Data Ingestion stage started <<<<<<]
[2025-08-31 21:41:26,034: INFO: common: yaml file: config\config.yaml loaded successfully]
[2025-08-31 21:41:26,034: INFO: common: yaml file: params.yaml loaded successfully]
[2025-08-31 21:41:26,034: INFO: common: created directory at: artifacts]
[2025-08-31 21:41:26,034: INFO: common: created directory at: artifacts/data_ingestion]
[2025-08-31 21:41:26,034: INFO: data_ingestion: Downloading data from https://drive.google.com/file/d/1GJ1AWi35oa6i6tN7wtfHXvBnQ6j5mvZv/view?usp=sharing into file artifacts/data_ingestion/data.zip]
[2025-08-31 21:41:40,073: INFO: data_ingestion: Downloaded data from https://drive.google.com/file/d/1GJ1AWi35oa6i6tN7wtfHXvBnQ6j5mvZv/view?usp=sharing into file artifacts/data_ingestion/data.zip]
[2025-08-31 21:41:41,012: INFO: main: >>>>>> stage Data Ingestion stage completed <<<<<<

x==========x]
[2025-08-31 21:41:41,012: INFO: main: *******************]
[2025-08-31 21:41:41,012: INFO: main: >>>>>> stage Prepare base model started <<<<<<]
[2025-08-31 21:41:41,015: INFO: common: yaml file: config\config.yaml loaded successfully]
[2025-08-31 21:41:41,015: INFO: common: yaml file: params.yaml loaded successfully]
[2025-08-31 21:41:41,015: INFO: common: created directory at: artifacts]
[2025-08-31 21:41:41,015: INFO: common: created directory at: artifacts/prepare_base_model]
[2025-08-31 21:41:41,382: WARNING: saving_utils: Compiled the loaded model, but the compiled metrics have yet to be built. `model.compile_metrics` will be empty until you train or evaluate the model.]
[2025-08-31 21:41:41,631: INFO: main: >>>>>> stage Prepare base model completed <<<<<<

x==========x]
[2025-08-31 21:41:41,631: INFO: main: *******************]
[2025-08-31 21:41:41,631: INFO: main: >>>>>> stage Training started <<<<<<]
[2025-08-31 21:41:41,631: INFO: common: yaml file: config\config.yaml loaded successfully]
[2025-08-31 21:41:41,631: INFO: common: yaml file: params.yaml loaded successfully]
[2025-08-31 21:41:41,631: INFO: common: created directory at: artifacts]
[2025-08-31 21:41:41,631: INFO: common: created directory at: artifacts\training]
[2025-08-31 21:44:58,068: INFO: main: >>>>>> stage Training completed <<<<<<

x==========x]
[2025-08-31 21:44:58,068: INFO: main: *******************]
[2025-08-31 21:44:58,068: INFO: main: >>>>>> stage Evaluation stage started <<<<<<]
[2025-08-31 21:44:58,070: INFO: common: yaml file: config\config.yaml loaded successfully]
[2025-08-31 21:44:58,071: INFO: common: yaml file: params.yaml loaded successfully]
[2025-08-31 21:44:58,071: INFO: common: created directory at: artifacts]
[2025-08-31 21:45:27,023: INFO: common: json file saved at: scores.json]
[2025-08-31 21:45:27,023: INFO: common: json file saved at: scores.json]
[2025-08-31 21:45:27,023: INFO: main: >>>>>> stage Evaluation stage completed <<<<<<

x==========x]
[2025-08-31 21:46:07,871: INFO: main: >>>>>> stage Data Ingestion stage started <<<<<<]
[2025-08-31 21:46:07,879: INFO: common: yaml file: config\config.yaml loaded successfully]
[2025-08-31 21:46:07,881: INFO: common: yaml file: params.yaml loaded successfully]
[2025-08-31 21:46:07,881: INFO: common: created directory at: artifacts]
[2025-08-31 21:46:07,881: INFO: common: created directory at: artifacts/data_ingestion]
[2025-08-31 21:46:07,883: INFO: data_ingestion: Downloading data from https://drive.google.com/file/d/1GJ1AWi35oa6i6tN7wtfHXvBnQ6j5mvZv/view?usp=sharing into file artifacts/data_ingestion/data.zip]
[2025-08-31 21:46:21,888: INFO: data_ingestion: Downloaded data from https://drive.google.com/file/d/1GJ1AWi35oa6i6tN7wtfHXvBnQ6j5mvZv/view?usp=sharing into file artifacts/data_ingestion/data.zip]
[2025-08-31 21:46:22,800: INFO: main: >>>>>> stage Data Ingestion stage completed <<<<<<

x==========x]
[2025-08-31 21:46:22,800: INFO: main: *******************]
[2025-08-31 21:46:22,800: INFO: main: >>>>>> stage Prepare base model started <<<<<<]
[2025-08-31 21:46:22,800: INFO: common: yaml file: config\config.yaml loaded successfully]
[2025-08-31 21:46:22,800: INFO: common: yaml file: params.yaml loaded successfully]
[2025-08-31 21:46:22,800: INFO: common: created directory at: artifacts]
[2025-08-31 21:46:22,800: INFO: common: created directory at: artifacts/prepare_base_model]
[2025-08-31 21:46:23,160: WARNING: saving_utils: Compiled the loaded model, but the compiled metrics have yet to be built. `model.compile_metrics` will be empty until you train or evaluate the model.]
[2025-08-31 21:46:23,338: INFO: main: >>>>>> stage Prepare base model completed <<<<<<

x==========x]
[2025-08-31 21:46:23,338: INFO: main: *******************]
[2025-08-31 21:46:23,338: INFO: main: >>>>>> stage Training started <<<<<<]
[2025-08-31 21:46:23,338: INFO: common: yaml file: config\config.yaml loaded successfully]
[2025-08-31 21:46:23,338: INFO: common: yaml file: params.yaml loaded successfully]
[2025-08-31 21:46:23,353: INFO: common: created directory at: artifacts]
[2025-08-31 21:46:23,353: INFO: common: created directory at: artifacts\training]
[2025-08-31 21:49:33,194: INFO: main: >>>>>> stage Training completed <<<<<<

x==========x]
[2025-08-31 21:49:33,194: INFO: main: *******************]
[2025-08-31 21:49:33,194: INFO: main: >>>>>> stage Evaluation stage started <<<<<<]
[2025-08-31 21:49:33,194: INFO: common: yaml file: config\config.yaml loaded successfully]
[2025-08-31 21:49:33,194: INFO: common: yaml file: params.yaml loaded successfully]
[2025-08-31 21:49:33,194: INFO: common: created directory at: artifacts]
[2025-08-31 21:50:02,931: INFO: common: json file saved at: scores.json]
[2025-08-31 21:50:02,931: INFO: common: json file saved at: scores.json]
[2025-08-31 21:50:02,931: INFO: main: >>>>>> stage Evaluation stage completed <<<<<<

x==========x]
[2025-09-03 19:44:46,551: INFO: _client: HTTP Request: GET https://dagshub.com/api/v1/user "HTTP/1.1 200 OK"]
[2025-09-03 19:44:46,567: INFO: helpers: Accessing as MunimAkbar]
[2025-09-03 19:44:47,010: INFO: _client: HTTP Request: GET https://dagshub.com/api/v1/repos/MunimAkbar/Kidney-Disease-Classification-Deep-Learning-Project "HTTP/1.1 200 OK"]
[2025-09-03 19:44:47,401: INFO: _client: HTTP Request: GET https://dagshub.com/api/v1/user "HTTP/1.1 200 OK"]
[2025-09-03 19:44:47,405: INFO: helpers: Initialized MLflow to track repo "MunimAkbar/Kidney-Disease-Classification-Deep-Learning-Project"]
[2025-09-03 19:44:47,405: INFO: helpers: Repository MunimAkbar/Kidney-Disease-Classification-Deep-Learning-Project initialized!]
[2025-09-03 19:44:47,405: INFO: main: >>>>>> stage Data Ingestion stage started <<<<<<]
[2025-09-03 19:44:47,405: INFO: common: yaml file: config\config.yaml loaded successfully]
[2025-09-03 19:44:47,405: INFO: common: yaml file: params.yaml loaded successfully]
[2025-09-03 19:44:47,405: INFO: common: created directory at: artifacts]
[2025-09-03 19:44:47,405: INFO: common: created directory at: artifacts/data_ingestion]
[2025-09-03 19:44:47,405: INFO: data_ingestion: Downloading data from https://drive.google.com/file/d/1GJ1AWi35oa6i6tN7wtfHXvBnQ6j5mvZv/view?usp=sharing into file artifacts/data_ingestion/data.zip]
[2025-09-03 19:45:02,828: INFO: data_ingestion: Downloaded data from https://drive.google.com/file/d/1GJ1AWi35oa6i6tN7wtfHXvBnQ6j5mvZv/view?usp=sharing into file artifacts/data_ingestion/data.zip]
[2025-09-03 19:45:04,031: INFO: main: >>>>>> stage Data Ingestion stage completed <<<<<<

x==========x]
[2025-09-03 19:45:04,031: INFO: main: *******************]
[2025-09-03 19:45:04,031: INFO: main: >>>>>> stage Prepare base model started <<<<<<]
[2025-09-03 19:45:04,031: INFO: common: yaml file: config\config.yaml loaded successfully]
[2025-09-03 19:45:04,031: INFO: common: yaml file: params.yaml loaded successfully]
[2025-09-03 19:45:04,031: INFO: common: created directory at: artifacts]
[2025-09-03 19:45:04,031: INFO: common: created directory at: artifacts/prepare_base_model]
[2025-09-03 19:45:04,638: WARNING: saving_utils: Compiled the loaded model, but the compiled metrics have yet to be built. `model.compile_metrics` will be empty until you train or evaluate the model.]
[2025-09-03 19:45:04,855: INFO: main: >>>>>> stage Prepare base model completed <<<<<<

x==========x]
[2025-09-03 19:45:04,855: INFO: main: *******************]
[2025-09-03 19:45:04,855: INFO: main: >>>>>> stage Training started <<<<<<]
[2025-09-03 19:45:04,855: INFO: common: yaml file: config\config.yaml loaded successfully]
[2025-09-03 19:45:04,861: INFO: common: yaml file: params.yaml loaded successfully]
[2025-09-03 19:45:04,863: INFO: common: created directory at: artifacts]
[2025-09-03 19:45:04,863: INFO: common: created directory at: artifacts\training]
[2025-09-03 19:48:22,479: INFO: main: >>>>>> stage Training completed <<<<<<

x==========x]
[2025-09-03 19:48:22,479: INFO: main: *******************]
[2025-09-03 19:48:22,479: INFO: main: >>>>>> stage Evaluation stage started <<<<<<]
[2025-09-03 19:48:22,482: INFO: common: yaml file: config\config.yaml loaded successfully]
[2025-09-03 19:48:22,483: INFO: common: yaml file: params.yaml loaded successfully]
[2025-09-03 19:48:22,483: INFO: common: created directory at: artifacts]
[2025-09-03 19:48:52,091: INFO: common: json file saved at: scores.json]
[2025-09-03 19:48:52,091: INFO: common: json file saved at: scores.json]
[2025-09-03 19:48:54,792: WARNING: save: Found untraced functions such as _jit_compiled_convolution_op, _jit_compiled_convolution_op, _jit_compiled_convolution_op, _jit_compiled_convolution_op, _jit_compiled_convolution_op while saving (showing 5 of 14). These functions will not be directly callable after loading.]
[2025-09-03 19:48:55,491: INFO: builder_impl: Assets written to: C:\Users\pc\AppData\Local\Temp\tmpcx90wooo\model\data\model\assets]
[2025-09-03 19:49:57,588: INFO: main: >>>>>> stage Evaluation stage completed <<<<<<

x==========x]
[2025-09-03 20:12:48,484: INFO: _client: HTTP Request: GET https://dagshub.com/api/v1/user "HTTP/1.1 200 OK"]
[2025-09-03 20:12:48,484: INFO: helpers: Accessing as MunimAkbar]
[2025-09-03 20:12:48,930: INFO: _client: HTTP Request: GET https://dagshub.com/api/v1/repos/MunimAkbar/Kidney-Disease-Classification-Deep-Learning-Project "HTTP/1.1 200 OK"]
[2025-09-03 20:12:49,461: INFO: _client: HTTP Request: GET https://dagshub.com/api/v1/user "HTTP/1.1 200 OK"]
[2025-09-03 20:12:49,477: INFO: helpers: Initialized MLflow to track repo "MunimAkbar/Kidney-Disease-Classification-Deep-Learning-Project"]
[2025-09-03 20:12:49,485: INFO: helpers: Repository MunimAkbar/Kidney-Disease-Classification-Deep-Learning-Project initialized!]
[2025-09-03 20:12:49,485: INFO: main: >>>>>> stage Data Ingestion stage started <<<<<<]
[2025-09-03 20:12:49,487: INFO: common: yaml file: config\config.yaml loaded successfully]
[2025-09-03 20:12:49,489: INFO: common: yaml file: params.yaml loaded successfully]
[2025-09-03 20:12:49,489: INFO: common: created directory at: artifacts]
[2025-09-03 20:12:49,489: INFO: common: created directory at: artifacts/data_ingestion]
[2025-09-03 20:12:49,491: INFO: data_ingestion: Downloading data from https://drive.google.com/file/d/1GJ1AWi35oa6i6tN7wtfHXvBnQ6j5mvZv/view?usp=sharing into file artifacts/data_ingestion/data.zip]
[2025-09-03 20:13:03,781: INFO: data_ingestion: Downloaded data from https://drive.google.com/file/d/1GJ1AWi35oa6i6tN7wtfHXvBnQ6j5mvZv/view?usp=sharing into file artifacts/data_ingestion/data.zip]
[2025-09-03 20:13:04,659: INFO: main: >>>>>> stage Data Ingestion stage completed <<<<<<

x==========x]
[2025-09-03 20:13:04,659: INFO: main: *******************]
[2025-09-03 20:13:04,659: INFO: main: >>>>>> stage Prepare base model started <<<<<<]
[2025-09-03 20:13:04,667: INFO: common: yaml file: config\config.yaml loaded successfully]
[2025-09-03 20:13:04,667: INFO: common: yaml file: params.yaml loaded successfully]
[2025-09-03 20:13:04,667: INFO: common: created directory at: artifacts]
[2025-09-03 20:13:04,667: INFO: common: created directory at: artifacts/prepare_base_model]
[2025-09-03 20:13:05,079: WARNING: saving_utils: Compiled the loaded model, but the compiled metrics have yet to be built. `model.compile_metrics` will be empty until you train or evaluate the model.]
[2025-09-03 20:13:05,297: INFO: main: >>>>>> stage Prepare base model completed <<<<<<

x==========x]
[2025-09-03 20:13:05,297: INFO: main: *******************]
[2025-09-03 20:13:05,297: INFO: main: >>>>>> stage Training started <<<<<<]
[2025-09-03 20:13:05,297: INFO: common: yaml file: config\config.yaml loaded successfully]
[2025-09-03 20:13:05,305: INFO: common: yaml file: params.yaml loaded successfully]
[2025-09-03 20:13:05,305: INFO: common: created directory at: artifacts]
[2025-09-03 20:13:05,305: INFO: common: created directory at: artifacts\training]
[2025-09-03 20:16:32,342: INFO: main: >>>>>> stage Training completed <<<<<<

x==========x]
[2025-09-03 20:16:32,342: INFO: main: *******************]
[2025-09-03 20:16:32,342: INFO: main: >>>>>> stage Evaluation stage started <<<<<<]
[2025-09-03 20:16:32,342: ERROR: main: EvaluationPipeline.__init__() missing 1 required positional argument: 'config']
Traceback (most recent call last):
  File "D:\WorkANDProjects\Kidney-Disease-Classification-Deep-Learning-Project\main.py", line 45, in <module>
    model_evalution = EvaluationPipeline()
                      ^^^^^^^^^^^^^^^^^^^^
TypeError: EvaluationPipeline.__init__() missing 1 required positional argument: 'config'
[2025-09-03 20:21:03,147: INFO: _client: HTTP Request: GET https://dagshub.com/api/v1/user "HTTP/1.1 200 OK"]
[2025-09-03 20:21:03,155: INFO: helpers: Accessing as MunimAkbar]
[2025-09-03 20:21:03,655: INFO: _client: HTTP Request: GET https://dagshub.com/api/v1/repos/MunimAkbar/Kidney-Disease-Classification-Deep-Learning-Project "HTTP/1.1 200 OK"]
[2025-09-03 20:21:04,045: INFO: _client: HTTP Request: GET https://dagshub.com/api/v1/user "HTTP/1.1 200 OK"]
[2025-09-03 20:21:04,045: INFO: helpers: Initialized MLflow to track repo "MunimAkbar/Kidney-Disease-Classification-Deep-Learning-Project"]
[2025-09-03 20:21:04,045: INFO: helpers: Repository MunimAkbar/Kidney-Disease-Classification-Deep-Learning-Project initialized!]
[2025-09-03 20:21:04,045: INFO: main: >>>>>> stage Data Ingestion stage started <<<<<<]
[2025-09-03 20:21:04,056: INFO: common: yaml file: config\config.yaml loaded successfully]
[2025-09-03 20:21:04,059: INFO: common: yaml file: params.yaml loaded successfully]
[2025-09-03 20:21:04,059: INFO: common: created directory at: artifacts]
[2025-09-03 20:21:04,059: INFO: common: created directory at: artifacts/data_ingestion]
[2025-09-03 20:21:04,061: INFO: data_ingestion: Downloading data from https://drive.google.com/file/d/1GJ1AWi35oa6i6tN7wtfHXvBnQ6j5mvZv/view?usp=sharing into file artifacts/data_ingestion/data.zip]
[2025-09-03 20:21:18,563: INFO: data_ingestion: Downloaded data from https://drive.google.com/file/d/1GJ1AWi35oa6i6tN7wtfHXvBnQ6j5mvZv/view?usp=sharing into file artifacts/data_ingestion/data.zip]
[2025-09-03 20:21:19,722: INFO: main: >>>>>> stage Data Ingestion stage completed <<<<<<

x==========x]
[2025-09-03 20:21:19,722: INFO: main: *******************]
[2025-09-03 20:21:19,722: INFO: main: >>>>>> stage Prepare base model started <<<<<<]
[2025-09-03 20:21:19,725: INFO: common: yaml file: config\config.yaml loaded successfully]
[2025-09-03 20:21:19,728: INFO: common: yaml file: params.yaml loaded successfully]
[2025-09-03 20:21:19,728: INFO: common: created directory at: artifacts]
[2025-09-03 20:21:19,728: INFO: common: created directory at: artifacts/prepare_base_model]
[2025-09-03 20:21:20,105: WARNING: saving_utils: Compiled the loaded model, but the compiled metrics have yet to be built. `model.compile_metrics` will be empty until you train or evaluate the model.]
[2025-09-03 20:21:20,363: INFO: main: >>>>>> stage Prepare base model completed <<<<<<

x==========x]
[2025-09-03 20:21:20,363: INFO: main: *******************]
[2025-09-03 20:21:20,363: INFO: main: >>>>>> stage Training started <<<<<<]
[2025-09-03 20:21:20,363: INFO: common: yaml file: config\config.yaml loaded successfully]
[2025-09-03 20:21:20,363: INFO: common: yaml file: params.yaml loaded successfully]
[2025-09-03 20:21:20,363: INFO: common: created directory at: artifacts]
[2025-09-03 20:21:20,363: INFO: common: created directory at: artifacts\training]
[2025-09-03 20:29:10,373: INFO: _client: HTTP Request: GET https://dagshub.com/api/v1/user "HTTP/1.1 200 OK"]
[2025-09-03 20:29:10,373: INFO: helpers: Accessing as MunimAkbar]
[2025-09-03 20:29:10,879: INFO: _client: HTTP Request: GET https://dagshub.com/api/v1/repos/MunimAkbar/Kidney-Disease-Classification-Deep-Learning-Project "HTTP/1.1 200 OK"]
[2025-09-03 20:29:11,274: INFO: _client: HTTP Request: GET https://dagshub.com/api/v1/user "HTTP/1.1 200 OK"]
[2025-09-03 20:29:11,274: INFO: helpers: Initialized MLflow to track repo "MunimAkbar/Kidney-Disease-Classification-Deep-Learning-Project"]
[2025-09-03 20:29:11,274: INFO: helpers: Repository MunimAkbar/Kidney-Disease-Classification-Deep-Learning-Project initialized!]
[2025-09-03 20:29:11,274: INFO: main: >>>>>> stage Data Ingestion stage started <<<<<<]
[2025-09-03 20:29:11,284: INFO: common: yaml file: config\config.yaml loaded successfully]
[2025-09-03 20:29:11,285: INFO: common: yaml file: params.yaml loaded successfully]
[2025-09-03 20:29:11,285: INFO: common: created directory at: artifacts]
[2025-09-03 20:29:11,285: INFO: common: created directory at: artifacts/data_ingestion]
[2025-09-03 20:29:11,285: INFO: data_ingestion: Downloading data from https://drive.google.com/file/d/1GJ1AWi35oa6i6tN7wtfHXvBnQ6j5mvZv/view?usp=sharing into file artifacts/data_ingestion/data.zip]
[2025-09-03 20:29:25,476: INFO: data_ingestion: Downloaded data from https://drive.google.com/file/d/1GJ1AWi35oa6i6tN7wtfHXvBnQ6j5mvZv/view?usp=sharing into file artifacts/data_ingestion/data.zip]
[2025-09-03 20:29:26,299: INFO: main: >>>>>> stage Data Ingestion stage completed <<<<<<

x==========x]
[2025-09-03 20:29:26,299: INFO: main: *******************]
[2025-09-03 20:29:26,299: INFO: main: >>>>>> stage Prepare base model started <<<<<<]
[2025-09-03 20:29:26,299: INFO: common: yaml file: config\config.yaml loaded successfully]
[2025-09-03 20:29:26,299: INFO: common: yaml file: params.yaml loaded successfully]
[2025-09-03 20:29:26,299: INFO: common: created directory at: artifacts]
[2025-09-03 20:29:26,299: INFO: common: created directory at: artifacts/prepare_base_model]
[2025-09-03 20:29:26,659: WARNING: saving_utils: Compiled the loaded model, but the compiled metrics have yet to be built. `model.compile_metrics` will be empty until you train or evaluate the model.]
[2025-09-03 20:29:26,887: INFO: main: >>>>>> stage Prepare base model completed <<<<<<

x==========x]
[2025-09-03 20:29:26,889: INFO: main: *******************]
[2025-09-03 20:29:26,889: INFO: main: >>>>>> stage Training started <<<<<<]
[2025-09-03 20:29:26,889: INFO: common: yaml file: config\config.yaml loaded successfully]
[2025-09-03 20:29:26,889: INFO: common: yaml file: params.yaml loaded successfully]
[2025-09-03 20:29:26,889: INFO: common: created directory at: artifacts]
[2025-09-03 20:29:26,889: INFO: common: created directory at: artifacts\training]
[2025-09-03 20:32:46,413: INFO: main: >>>>>> stage Training completed <<<<<<

x==========x]
[2025-09-03 20:32:46,413: INFO: main: *******************]
[2025-09-03 20:32:46,413: INFO: main: >>>>>> stage Evaluation stage started <<<<<<]
[2025-09-03 20:32:46,413: INFO: common: yaml file: config\config.yaml loaded successfully]
[2025-09-03 20:32:46,417: INFO: common: yaml file: params.yaml loaded successfully]
[2025-09-03 20:32:46,417: INFO: common: created directory at: artifacts]
[2025-09-03 20:33:19,307: INFO: common: json file saved at: scores.json]
[2025-09-03 20:33:19,318: INFO: common: json file saved at: scores.json]
[2025-09-03 20:33:21,983: WARNING: save: Found untraced functions such as _jit_compiled_convolution_op, _jit_compiled_convolution_op, _jit_compiled_convolution_op, _jit_compiled_convolution_op, _jit_compiled_convolution_op while saving (showing 5 of 14). These functions will not be directly callable after loading.]
[2025-09-03 20:33:22,718: INFO: builder_impl: Assets written to: C:\Users\pc\AppData\Local\Temp\tmp8tmsk__c\model\data\model\assets]
[2025-09-03 20:34:22,798: INFO: main: >>>>>> stage Evaluation stage completed <<<<<<

x==========x]
[2025-09-03 20:57:06,613: INFO: stage_01_data_ingestion: >>>>>> stage Data Ingestion Stage started <<<<<<]
[2025-09-03 20:57:06,616: INFO: common: yaml file: config\config.yaml loaded successfully]
[2025-09-03 20:57:06,616: INFO: common: yaml file: params.yaml loaded successfully]
[2025-09-03 20:57:06,616: INFO: common: created directory at: artifacts]
[2025-09-03 20:57:06,619: INFO: common: created directory at: artifacts/data_ingestion]
[2025-09-03 20:57:06,619: INFO: data_ingestion: Downloading data from https://drive.google.com/file/d/1GJ1AWi35oa6i6tN7wtfHXvBnQ6j5mvZv/view?usp=sharing into file artifacts/data_ingestion/data.zip]
[2025-09-03 20:57:21,076: INFO: data_ingestion: Downloaded data from https://drive.google.com/file/d/1GJ1AWi35oa6i6tN7wtfHXvBnQ6j5mvZv/view?usp=sharing into file artifacts/data_ingestion/data.zip]
[2025-09-03 20:57:22,070: INFO: stage_01_data_ingestion: >>>>>> stage Data Ingestion Stage completed <<<<<<

x==========x]
[2025-09-03 20:57:36,072: INFO: stage_02_prepare_base_model: *******************]
[2025-09-03 20:57:36,072: INFO: stage_02_prepare_base_model: >>>>>> stage Prepare base model started <<<<<<]
[2025-09-03 20:57:36,074: INFO: common: yaml file: config\config.yaml loaded successfully]
[2025-09-03 20:57:36,074: INFO: common: yaml file: params.yaml loaded successfully]
[2025-09-03 20:57:36,074: INFO: common: created directory at: artifacts]
[2025-09-03 20:57:36,077: INFO: common: created directory at: artifacts/prepare_base_model]
[2025-09-03 20:57:36,454: WARNING: saving_utils: Compiled the loaded model, but the compiled metrics have yet to be built. `model.compile_metrics` will be empty until you train or evaluate the model.]
[2025-09-03 20:57:36,634: INFO: stage_02_prepare_base_model: >>>>>> stage Prepare base model completed <<<<<<

x==========x]
[2025-09-03 20:57:42,932: INFO: stage_03_model_training: *******************]
[2025-09-03 20:57:42,932: INFO: stage_03_model_training: >>>>>> stage Training started <<<<<<]
[2025-09-03 20:57:42,935: INFO: common: yaml file: config\config.yaml loaded successfully]
[2025-09-03 20:57:42,935: INFO: common: yaml file: params.yaml loaded successfully]
[2025-09-03 20:57:42,937: INFO: common: created directory at: artifacts]
[2025-09-03 20:57:42,937: INFO: common: created directory at: artifacts\training]
[2025-09-03 21:01:08,549: INFO: stage_03_model_training: >>>>>> stage Training completed <<<<<<

x==========x]
[2025-09-03 21:01:17,257: INFO: _client: HTTP Request: GET https://dagshub.com/api/v1/user "HTTP/1.1 200 OK"]
[2025-09-03 21:01:17,273: INFO: helpers: Accessing as MunimAkbar]
[2025-09-03 21:01:17,720: INFO: _client: HTTP Request: GET https://dagshub.com/api/v1/repos/MunimAkbar/Kidney-Disease-Classification-Deep-Learning-Project "HTTP/1.1 200 OK"]
[2025-09-03 21:01:18,101: INFO: _client: HTTP Request: GET https://dagshub.com/api/v1/user "HTTP/1.1 200 OK"]
[2025-09-03 21:01:18,109: INFO: helpers: Initialized MLflow to track repo "MunimAkbar/Kidney-Disease-Classification-Deep-Learning-Project"]
[2025-09-03 21:01:18,110: INFO: helpers: Repository MunimAkbar/Kidney-Disease-Classification-Deep-Learning-Project initialized!]
[2025-09-03 21:01:18,112: INFO: stage_04_model_evaluation: *******************]
[2025-09-03 21:01:18,112: INFO: stage_04_model_evaluation: >>>>>> stage Evaluation stage started <<<<<<]
[2025-09-03 21:01:18,115: INFO: common: yaml file: config\config.yaml loaded successfully]
[2025-09-03 21:01:18,115: INFO: common: yaml file: params.yaml loaded successfully]
[2025-09-03 21:01:18,118: INFO: common: created directory at: artifacts]
[2025-09-03 21:01:49,238: INFO: common: json file saved at: scores.json]
[2025-09-03 21:01:49,241: INFO: common: json file saved at: scores.json]
[2025-09-03 21:01:51,974: WARNING: save: Found untraced functions such as _jit_compiled_convolution_op, _jit_compiled_convolution_op, _jit_compiled_convolution_op, _jit_compiled_convolution_op, _jit_compiled_convolution_op while saving (showing 5 of 14). These functions will not be directly callable after loading.]
[2025-09-03 21:01:52,531: INFO: builder_impl: Assets written to: C:\Users\pc\AppData\Local\Temp\tmp44cisu7_\model\data\model\assets]
[2025-09-03 21:02:52,161: INFO: stage_04_model_evaluation: >>>>>> stage Evaluation stage completed <<<<<<

x==========x]
[2025-10-03 23:28:14,049: INFO: _internal: [31m[1mWARNING: This is a development server. Do not use it in a production deployment. Use a production WSGI server instead.[0m
 * Running on all addresses (0.0.0.0)
 * Running on http://127.0.0.1:8080
 * Running on http://192.168.10.15:8080]
[2025-10-03 23:28:14,050: INFO: _internal: [33mPress CTRL+C to quit[0m]
[2025-10-03 23:28:28,723: INFO: _internal: 127.0.0.1 - - [03/Oct/2025 23:28:28] "GET / HTTP/1.1" 200 -]
[2025-10-03 23:28:57,986: INFO: _internal: 192.168.10.15 - - [03/Oct/2025 23:28:57] "GET / HTTP/1.1" 200 -]
[2025-10-03 23:32:46,990: INFO: _internal: [31m[1mWARNING: This is a development server. Do not use it in a production deployment. Use a production WSGI server instead.[0m
 * Running on all addresses (0.0.0.0)
 * Running on http://127.0.0.1:8080
 * Running on http://192.168.10.15:8080]
[2025-10-03 23:32:46,990: INFO: _internal: [33mPress CTRL+C to quit[0m]
[2025-10-03 23:32:53,500: INFO: _internal: 127.0.0.1 - - [03/Oct/2025 23:32:53] "GET / HTTP/1.1" 200 -]
[2025-10-03 23:33:14,762: ERROR: app: Exception on /predict [POST]]
Traceback (most recent call last):
  File "C:\Users\pc\anaconda3\envs\kidney\Lib\site-packages\flask\app.py", line 2190, in wsgi_app
    response = self.full_dispatch_request()
               ^^^^^^^^^^^^^^^^^^^^^^^^^^^^
  File "C:\Users\pc\anaconda3\envs\kidney\Lib\site-packages\flask\app.py", line 1486, in full_dispatch_request
    rv = self.handle_user_exception(e)
         ^^^^^^^^^^^^^^^^^^^^^^^^^^^^^
  File "C:\Users\pc\anaconda3\envs\kidney\Lib\site-packages\flask_cors\extension.py", line 176, in wrapped_function
    return cors_after_request(app.make_response(f(*args, **kwargs)))
                                                ^^^^^^^^^^^^^^^^^^
  File "C:\Users\pc\anaconda3\envs\kidney\Lib\site-packages\flask\app.py", line 1484, in full_dispatch_request
    rv = self.dispatch_request()
         ^^^^^^^^^^^^^^^^^^^^^^^
  File "C:\Users\pc\anaconda3\envs\kidney\Lib\site-packages\flask\app.py", line 1469, in dispatch_request
    return self.ensure_sync(self.view_functions[rule.endpoint])(**view_args)
           ^^^^^^^^^^^^^^^^^^^^^^^^^^^^^^^^^^^^^^^^^^^^^^^^^^^^^^^^^^^^^^^^^
  File "C:\Users\pc\anaconda3\envs\kidney\Lib\site-packages\flask_cors\decorator.py", line 121, in wrapped_function
    resp = make_response(f(*args, **kwargs))
                         ^^^^^^^^^^^^^^^^^^
  File "D:\WorkANDProjects\Kidney-Disease-Classification-Deep-Learning-Project\app.py", line 44, in predictRoute
    result = clApp.classifier.predict()
             ^^^^^^^^^^^^^^^^^^^^^^^^^^
  File "D:\WorkANDProjects\Kidney-Disease-Classification-Deep-Learning-Project\src\cnnClassifier\pipeline\prediction.py", line 16, in predict
    model = load_model(os.path.join("model", "model.h5"))
            ^^^^^^^^^^^^^^^^^^^^^^^^^^^^^^^^^^^^^^^^^^^^^
  File "C:\Users\pc\anaconda3\envs\kidney\Lib\site-packages\keras\saving\saving_api.py", line 212, in load_model
    return legacy_sm_saving_lib.load_model(
           ^^^^^^^^^^^^^^^^^^^^^^^^^^^^^^^^
  File "C:\Users\pc\anaconda3\envs\kidney\Lib\site-packages\keras\utils\traceback_utils.py", line 70, in error_handler
    raise e.with_traceback(filtered_tb) from None
  File "C:\Users\pc\anaconda3\envs\kidney\Lib\site-packages\keras\saving\legacy\save.py", line 230, in load_model
    raise IOError(
OSError: No file or directory found at model\model.h5
[2025-10-03 23:33:14,762: INFO: _internal: 127.0.0.1 - - [03/Oct/2025 23:33:14] "[35m[1mPOST /predict HTTP/1.1[0m" 500 -]
